2021-12-03 19:20:48 - INFO - "GET / HTTP/1.1" 200 1219
2021-12-03 19:20:48 - INFO - "GET /static/style.css HTTP/1.1" 200 648
2021-12-03 19:47:36 - INFO - "GET / HTTP/1.1" 200 1219
2021-12-03 19:47:36 - INFO - "GET /static/style.css HTTP/1.1" 304 0
2021-12-03 19:47:36 - WARNING - "GET /blog HTTP/1.1" 404 1536
2021-12-03 19:47:36 - INFO - "GET / HTTP/1.1" 200 1219
2021-12-03 19:47:36 - WARNING - "GET /docs HTTP/1.1" 404 1536
2021-12-03 19:47:36 - WARNING - "GET /doc HTTP/1.1" 404 1536
2021-12-03 20:19:01 - WARNING - "GET /blog HTTP/1.1" 404 1536
2021-12-03 20:19:01 - WARNING - "GET /blog/2 HTTP/1.1" 404 1536
2021-12-03 20:22:12 - INFO - "GET /blog/2 HTTP/1.1" 200 135
2021-12-03 20:22:12 - INFO - "GET /blog/1 HTTP/1.1" 200 133
2021-12-03 20:22:12 - INFO - "GET /blog/3 HTTP/1.1" 200 141
2021-12-03 20:39:46 - ERROR - ResponseError in 0 on line 0
2021-12-03 20:40:00 - ERROR - ResponseError in 0 on line 0
2021-12-03 20:40:13 - ERROR - ResponseError in 0 on line 0
2021-12-03 20:41:05 - INFO - "GET /blog HTTP/1.1" 200 415
2021-12-03 20:41:05 - INFO - "GET / HTTP/1.1" 200 1219
2021-12-03 20:41:05 - INFO - "GET /static/style.css HTTP/1.1" 304 0
2021-12-03 20:41:05 - INFO - "GET /blog HTTP/1.1" 200 415
2021-12-03 20:42:54 - INFO - "GET /blog/3 HTTP/1.1" 200 141
2021-12-03 20:42:54 - INFO - "GET /blog HTTP/1.1" 200 415
2021-12-03 20:42:54 - INFO - "GET / HTTP/1.1" 200 1219
2021-12-03 20:42:54 - INFO - "GET /static/style.css HTTP/1.1" 304 0
2021-12-03 20:55:06 - INFO - "GET /blog HTTP/1.1" 200 415
